make clustering directory
make hhsuite db with
createdb proteines_for_clustering.fasta proteines_for_clustering 

MMseqs Version:       	12.113e3
Database type         	0
Shuffle input database	true
Createdb mode         	0
Write lookup file     	1
Offset of numeric ids 	0
Compressed            	0
Verbosity             	3

Converting sequences
[
Time for merging to proteines_for_clustering_h: 0h 0m 52s 891ms
Time for merging to proteines_for_clustering: 0h 0m 35s 629ms
Database type: Aminoacid
Time for processing: 0h 4m 14s 574ms
make clustering with parameters defined in config.txt
mmseqs cluster proteines_for_clustering proteines_for_clustering_clu /home/smarthey/work/migale/fuzzpro_bvmo_14g_publie/clustering/temp/tmp --min-seq-id 0.5
Tmp /home/smarthey/work/migale/fuzzpro_bvmo_14g_publie/clustering/temp/tmp folder does not exist or is not a directory.
kmermatcher proteines_for_clustering /home/smarthey/work/migale/fuzzpro_bvmo_14g_publie/clustering/temp/tmp/13389242985913981662/linclust/14191776079078765074/pref --sub-mat nucl:nucleotide.out,aa:blosum62.out --alph-size nucl:5,aa:13 --min-seq-id 0.5 --kmer-per-seq 21 --spaced-kmer-mode 1 --kmer-per-seq-scale nucl:0.200,aa:0.000 --adjust-kmer-len 0 --mask 0 --mask-lower-case 0 --cov-mode 0 -k 0 -c 0.8 --max-seq-len 65535 --hash-shift 67 --split-memory-limit 0 --include-only-extendable 0 --ignore-multi-kmer 0 --threads 40 --compressed 0 -v 3 

kmermatcher proteines_for_clustering /home/smarthey/work/migale/fuzzpro_bvmo_14g_publie/clustering/temp/tmp/13389242985913981662/linclust/14191776079078765074/pref --sub-mat nucl:nucleotide.out,aa:blosum62.out --alph-size nucl:5,aa:13 --min-seq-id 0.5 --kmer-per-seq 21 --spaced-kmer-mode 1 --kmer-per-seq-scale nucl:0.200,aa:0.000 --adjust-kmer-len 0 --mask 0 --mask-lower-case 0 --cov-mode 0 -k 0 -c 0.8 --max-seq-len 65535 --hash-shift 67 --split-memory-limit 0 --include-only-extendable 0 --ignore-multi-kmer 0 --threads 40 --compressed 0 -v 3 

Database size: 131 type: Aminoacid
Reduced amino acid alphabet: (A S T) (C) (D B N) (E Q Z) (F Y) (G) (H) (I V) (K R) (L J M) (P) (W) (X) 

Generate k-mers list for 1 split
[=================================================================] 131 0s 631ms
Sort kmer 0h 0m 0s 0ms
Sort by rep. sequence 0h 0m 0s 0ms
Time for fill: 0h 0m 0s 0ms
Time for merging to pref: 0h 0m 0s 12ms
Time for processing: 0h 0m 0s 930ms
rescorediagonal proteines_for_clustering proteines_for_clustering /home/smarthey/work/migale/fuzzpro_bvmo_14g_publie/clustering/temp/tmp/13389242985913981662/linclust/14191776079078765074/pref /home/smarthey/work/migale/fuzzpro_bvmo_14g_publie/clustering/temp/tmp/13389242985913981662/linclust/14191776079078765074/pref_rescore1 --sub-mat nucl:nucleotide.out,aa:blosum62.out --rescore-mode 0 --wrapped-scoring 0 --filter-hits 0 -e 0.001 -c 0.8 -a 0 --cov-mode 0 --min-seq-id 0.5 --min-aln-len 0 --seq-id-mode 0 --add-self-matches 0 --sort-results 0 --db-load-mode 0 --threads 40 --compressed 0 -v 3 

=============[=========================================] =========131 =0s 11ms
=Time for merging to pref_rescore1: 0h 0m 0s 219ms
Time for processing: 0h 0m 0s 611ms
clust proteines_for_clustering /home/smarthey/work/migale/fuzzpro_bvmo_14g_publie/clustering/temp/tmp/13389242985913981662/linclust/14191776079078765074/pref_rescore1 /home/smarthey/work/migale/fuzzpro_bvmo_14g_publie/clustering/temp/tmp/13389242985913981662/linclust/14191776079078765074/pre_clust --cluster-mode 0 --max-iterations 1000 --similarity-type 2 --threads 40 --compressed 0 -v 3 

Clustering mode: Set Cover
[=================================================================] 131 0s 2ms
Sort entries
Find missing connections
Found 96 new connections.
Reconstruct initial order
[=================================================================] 131 0s 2ms
Add missing connections
[=================================================================] 131 0s 0ms

Time for read in: 0h 0m 0s 226ms
Total time: 0h 0m 0s 241ms

Size of the sequence database: 131
Size of the alignment database: 131
Number of clusters: 72

Writing results 0h 0m 0s 0ms
Time for merging to pre_clust: 0h 0m 0s 6ms
Time for processing: 0h 0m 0s 321ms
createsubdb /home/smarthey/work/migale/fuzzpro_bvmo_14g_publie/clustering/temp/tmp/13389242985913981662/linclust/14191776079078765074/order_redundancy proteines_for_clustering /home/smarthey/work/migale/fuzzpro_bvmo_14g_publie/clustering/temp/tmp/13389242985913981662/linclust/14191776079078765074/input_step_redundancy -v 3 --subdb-mode 1 

Time for merging to input_step_redundancy: 0h 0m 0s 6ms
Time for processing: 0h 0m 0s 37ms
createsubdb /home/smarthey/work/migale/fuzzpro_bvmo_14g_publie/clustering/temp/tmp/13389242985913981662/linclust/14191776079078765074/order_redundancy /home/smarthey/work/migale/fuzzpro_bvmo_14g_publie/clustering/temp/tmp/13389242985913981662/linclust/14191776079078765074/pref /home/smarthey/work/migale/fuzzpro_bvmo_14g_publie/clustering/temp/tmp/13389242985913981662/linclust/14191776079078765074/pref_filter1 -v 3 --subdb-mode 1 

Time for merging to pref_filter1: 0h 0m 0s 6ms
Time for processing: 0h 0m 0s 33ms
filterdb /home/smarthey/work/migale/fuzzpro_bvmo_14g_publie/clustering/temp/tmp/13389242985913981662/linclust/14191776079078765074/pref_filter1 /home/smarthey/work/migale/fuzzpro_bvmo_14g_publie/clustering/temp/tmp/13389242985913981662/linclust/14191776079078765074/pref_filter2 --filter-file /home/smarthey/work/migale/fuzzpro_bvmo_14g_publie/clustering/temp/tmp/13389242985913981662/linclust/14191776079078765074/order_redundancy --threads 40 --compressed 0 -v 3 

Filtering using file(s)
[=================================================================] 72 0s 9ms
Time for merging to pref_filter2: 0h 0m 0s 169ms
Time for processing: 0h 0m 0s 436ms
rescorediagonal /home/smarthey/work/migale/fuzzpro_bvmo_14g_publie/clustering/temp/tmp/13389242985913981662/linclust/14191776079078765074/input_step_redundancy /home/smarthey/work/migale/fuzzpro_bvmo_14g_publie/clustering/temp/tmp/13389242985913981662/linclust/14191776079078765074/input_step_redundancy /home/smarthey/work/migale/fuzzpro_bvmo_14g_publie/clustering/temp/tmp/13389242985913981662/linclust/14191776079078765074/pref_filter2 /home/smarthey/work/migale/fuzzpro_bvmo_14g_publie/clustering/temp/tmp/13389242985913981662/linclust/14191776079078765074/pref_rescore2 --sub-mat nucl:nucleotide.out,aa:blosum62.out --rescore-mode 1 --wrapped-scoring 0 --filter-hits 1 -e 0.001 -c 0.8 -a 0 --cov-mode 0 --min-seq-id 0.5 --min-aln-len 0 --seq-id-mode 0 --add-self-matches 0 --sort-results 0 --db-load-mode 0 --threads 40 --compressed 0 -v 3 

[========================================] ===72 0s 4ms
======================Time for merging to pref_rescore2: 0h 0m 0s 204ms
Time for processing: 0h 0m 0s 549ms
align /home/smarthey/work/migale/fuzzpro_bvmo_14g_publie/clustering/temp/tmp/13389242985913981662/linclust/14191776079078765074/input_step_redundancy /home/smarthey/work/migale/fuzzpro_bvmo_14g_publie/clustering/temp/tmp/13389242985913981662/linclust/14191776079078765074/input_step_redundancy /home/smarthey/work/migale/fuzzpro_bvmo_14g_publie/clustering/temp/tmp/13389242985913981662/linclust/14191776079078765074/pref_rescore2 /home/smarthey/work/migale/fuzzpro_bvmo_14g_publie/clustering/temp/tmp/13389242985913981662/linclust/14191776079078765074/aln --sub-mat nucl:nucleotide.out,aa:blosum62.out -a 0 --alignment-mode 3 --wrapped-scoring 0 -e 0.001 --min-seq-id 0.5 --min-aln-len 0 --seq-id-mode 0 --alt-ali 0 -c 0.8 --cov-mode 0 --max-seq-len 65535 --comp-bias-corr 1 --realign 0 --max-rejected 2147483647 --max-accept 2147483647 --add-self-matches 0 --db-load-mode 0 --pca 1 --pcb 1.5 --score-bias 0 --gap-open nucl:5,aa:11 --gap-extend nucl:2,aa:1 --zdrop 40 --threads 40 --compressed 0 -v 3 

Compute score, coverage and sequence identity
Query database size: 72 type: Aminoacid
Target database size: 72 type: Aminoacid
Calculation of alignments
=====[============================================================] 72 0s 26ms
Time for merging to aln: 0h 0m 0s 197ms

104 alignments calculated.
84 sequence pairs passed the thresholds (0.807692 of overall calculated).
1.166667 hits per query sequence.
Time for processing: 0h 0m 0s 535ms
clust /home/smarthey/work/migale/fuzzpro_bvmo_14g_publie/clustering/temp/tmp/13389242985913981662/linclust/14191776079078765074/input_step_redundancy /home/smarthey/work/migale/fuzzpro_bvmo_14g_publie/clustering/temp/tmp/13389242985913981662/linclust/14191776079078765074/aln /home/smarthey/work/migale/fuzzpro_bvmo_14g_publie/clustering/temp/tmp/13389242985913981662/linclust/14191776079078765074/clust --cluster-mode 0 --max-iterations 1000 --similarity-type 2 --threads 40 --compressed 0 -v 3 

Clustering mode: Set Cover
[=================================================================] 72 0s 0ms
Sort entries
Find missing connections
Found 12 new connections.
Reconstruct initial order
[=================================================================] 72 0s 0ms
Add missing connections
[=================================================================] 72 0s 0ms

Time for read in: 0h 0m 0s 227ms
Total time: 0h 0m 0s 239ms

Size of the sequence database: 72
Size of the alignment database: 72
Number of clusters: 62

Writing results 0h 0m 0s 0ms
Time for merging to clust: 0h 0m 0s 5ms
Time for processing: 0h 0m 0s 312ms
mergeclusters proteines_for_clustering /home/smarthey/work/migale/fuzzpro_bvmo_14g_publie/clustering/temp/tmp/13389242985913981662/clu_redundancy /home/smarthey/work/migale/fuzzpro_bvmo_14g_publie/clustering/temp/tmp/13389242985913981662/linclust/14191776079078765074/pre_clust /home/smarthey/work/migale/fuzzpro_bvmo_14g_publie/clustering/temp/tmp/13389242985913981662/linclust/14191776079078765074/clust --threads 40 --compressed 0 -v 3 

Clustering step 1
[=================================================================] 72 0s 3ms
Clustering step 2
[=================================================================] 62 0s 14ms
Write merged clustering
[=================================================================] 131 0s 235ms
Time for merging to clu_redundancy: 0h 0m 0s 174ms
Time for processing: 0h 0m 0s 472ms
createsubdb /home/smarthey/work/migale/fuzzpro_bvmo_14g_publie/clustering/temp/tmp/13389242985913981662/clu_redundancy proteines_for_clustering /home/smarthey/work/migale/fuzzpro_bvmo_14g_publie/clustering/temp/tmp/13389242985913981662/input_step_redundancy -v 3 --subdb-mode 1 

Time for merging to input_step_redundancy: 0h 0m 0s 22ms
Time for processing: 0h 0m 0s 53ms
prefilter /home/smarthey/work/migale/fuzzpro_bvmo_14g_publie/clustering/temp/tmp/13389242985913981662/input_step_redundancy /home/smarthey/work/migale/fuzzpro_bvmo_14g_publie/clustering/temp/tmp/13389242985913981662/input_step_redundancy /home/smarthey/work/migale/fuzzpro_bvmo_14g_publie/clustering/temp/tmp/13389242985913981662/pref_step0 --sub-mat nucl:nucleotide.out,aa:blosum62.out --seed-sub-mat nucl:nucleotide.out,aa:VTML80.out -s 1 -k 0 --k-score 2147483647 --alph-size nucl:5,aa:21 --max-seq-len 65535 --max-seqs 20 --split 0 --split-mode 2 --split-memory-limit 0 -c 0.8 --cov-mode 0 --comp-bias-corr 0 --diag-score 0 --exact-kmer-matching 0 --mask 1 --mask-lower-case 0 --min-ungapped-score 0 --add-self-matches 0 --spaced-kmer-mode 1 --db-load-mode 0 --pca 1 --pcb 1.5 --threads 40 --compressed 0 -v 3 

Query database size: 62 type: Aminoacid
Estimated memory consumption: 978M
Target database size: 62 type: Aminoacid
Index table k-mer threshold: 154 at k-mer size 6 
Index table: counting k-mers
[=================================================================] 62 0s 16ms
Index table: Masked residues: 57
Index table: fill
[=================================================================] 62 0s 5ms
Index statistics
Entries:          17842
DB size:          488 MB
Avg k-mer size:   0.000279
Top 10 k-mers
    GTRNPG	16
    GGWDYP	14
    VGTRTY	12
    SAWHDL	10
    GGWWYP	10
    PNFMPN	9
    DPLRTP	9
    TYGAVP	9
    QRPWPR	8
    DVGWNT	8
Time for index table init: 0h 0m 0s 542ms
Process prefiltering step 1 of 1

k-mer similarity threshold: 154
Starting prefiltering scores calculation (step 1 of 1)
Query db start 1 to 62
Target db start 1 to 62
=[================================================================] 62 0s 221ms

2.907603 k-mers per position
468 DB matches per sequence
0 overflows
0 queries produce too many hits (truncated result)
17 sequences passed prefiltering per query sequence
20 median result list length
0 sequences with 0 size result lists
Time for merging to pref_step0: 0h 0m 0s 188ms
Time for processing: 0h 0m 1s 485ms
align /home/smarthey/work/migale/fuzzpro_bvmo_14g_publie/clustering/temp/tmp/13389242985913981662/input_step_redundancy /home/smarthey/work/migale/fuzzpro_bvmo_14g_publie/clustering/temp/tmp/13389242985913981662/input_step_redundancy /home/smarthey/work/migale/fuzzpro_bvmo_14g_publie/clustering/temp/tmp/13389242985913981662/pref_step0 /home/smarthey/work/migale/fuzzpro_bvmo_14g_publie/clustering/temp/tmp/13389242985913981662/aln_step0 --sub-mat nucl:nucleotide.out,aa:blosum62.out -a 0 --alignment-mode 3 --wrapped-scoring 0 -e 0.001 --min-seq-id 0.5 --min-aln-len 0 --seq-id-mode 0 --alt-ali 0 -c 0.8 --cov-mode 0 --max-seq-len 65535 --comp-bias-corr 0 --realign 0 --max-rejected 2147483647 --max-accept 2147483647 --add-self-matches 0 --db-load-mode 0 --pca 1 --pcb 1.5 --score-bias 0 --gap-open nucl:5,aa:11 --gap-extend nucl:2,aa:1 --zdrop 40 --threads 40 --compressed 0 -v 3 

Compute score, coverage and sequence identity
Query database size: 62 type: Aminoacid
Target database size: 62 type: Aminoacid
Calculation of alignments
[=================================================================] 62 0s 110ms
Time for merging to aln_step0: 0h 0m 0s 175ms

984 alignments calculated.
124 sequence pairs passed the thresholds (0.126016 of overall calculated).
2.000000 hits per query sequence.
Time for processing: 0h 0m 0s 656ms
clust /home/smarthey/work/migale/fuzzpro_bvmo_14g_publie/clustering/temp/tmp/13389242985913981662/input_step_redundancy /home/smarthey/work/migale/fuzzpro_bvmo_14g_publie/clustering/temp/tmp/13389242985913981662/aln_step0 /home/smarthey/work/migale/fuzzpro_bvmo_14g_publie/clustering/temp/tmp/13389242985913981662/clu_step0 --cluster-mode 0 --max-iterations 1000 --similarity-type 2 --threads 40 --compressed 0 -v 3 

Clustering mode: Set Cover
[=================================================================] 62 0s 2ms
Sort entries
Find missing connections
Found 0 new connections.
Reconstruct initial order
[=================================================================] 62 0s 0ms
Add missing connections
[=================================================================] 62 0s 0ms

Time for read in: 0h 0m 0s 231ms
Total time: 0h 0m 0s 246ms

Size of the sequence database: 62
Size of the alignment database: 62
Number of clusters: 42

Writing results 0h 0m 0s 0ms
Time for merging to clu_step0: 0h 0m 0s 6ms
Time for processing: 0h 0m 0s 325ms
createsubdb /home/smarthey/work/migale/fuzzpro_bvmo_14g_publie/clustering/temp/tmp/13389242985913981662/clu_step0 /home/smarthey/work/migale/fuzzpro_bvmo_14g_publie/clustering/temp/tmp/13389242985913981662/input_step_redundancy /home/smarthey/work/migale/fuzzpro_bvmo_14g_publie/clustering/temp/tmp/13389242985913981662/input_step1 -v 3 --subdb-mode 1 

Time for merging to input_step1: 0h 0m 0s 6ms
Time for processing: 0h 0m 0s 42ms
prefilter /home/smarthey/work/migale/fuzzpro_bvmo_14g_publie/clustering/temp/tmp/13389242985913981662/input_step1 /home/smarthey/work/migale/fuzzpro_bvmo_14g_publie/clustering/temp/tmp/13389242985913981662/input_step1 /home/smarthey/work/migale/fuzzpro_bvmo_14g_publie/clustering/temp/tmp/13389242985913981662/pref_step1 --sub-mat nucl:nucleotide.out,aa:blosum62.out --seed-sub-mat nucl:nucleotide.out,aa:VTML80.out -s 2 -k 0 --k-score 2147483647 --alph-size nucl:5,aa:21 --max-seq-len 65535 --max-seqs 20 --split 0 --split-mode 2 --split-memory-limit 0 -c 0.8 --cov-mode 0 --comp-bias-corr 1 --diag-score 1 --exact-kmer-matching 0 --mask 1 --mask-lower-case 0 --min-ungapped-score 15 --add-self-matches 0 --spaced-kmer-mode 1 --db-load-mode 0 --pca 1 --pcb 1.5 --threads 40 --compressed 0 -v 3 

Query database size: 42 type: Aminoacid
Estimated memory consumption: 978M
Target database size: 42 type: Aminoacid
Index table k-mer threshold: 145 at k-mer size 6 
Index table: counting k-mers
[=================================================================] 42 0s 19ms
Index table: Masked residues: 35
Index table: fill
[=================================================================] 42 0s 7ms
Index statistics
Entries:          17376
DB size:          488 MB
Avg k-mer size:   0.000271
Top 10 k-mers
    GTRNPG	11
    DLGRVI	11
    GGWDYP	10
    TGRAGT	9
    VGTRTY	9
    DVGWNT	7
    TFRNLV	7
    IGGSQV	7
    TGSVIP	5
    DPLRTP	5
Time for index table init: 0h 0m 0s 566ms
Process prefiltering step 1 of 1

k-mer similarity threshold: 145
Starting prefiltering scores calculation (step 1 of 1)
Query db start 1 to 42
Target db start 1 to 42
[=================================================================] 42 0s 9ms

11.213643 k-mers per position
581 DB matches per sequence
0 overflows
0 queries produce too many hits (truncated result)
18 sequences passed prefiltering per query sequence
20 median result list length
0 sequences with 0 size result lists
Time for merging to pref_step1: 0h 0m 0s 217ms
Time for processing: 0h 0m 1s 350ms
align /home/smarthey/work/migale/fuzzpro_bvmo_14g_publie/clustering/temp/tmp/13389242985913981662/input_step1 /home/smarthey/work/migale/fuzzpro_bvmo_14g_publie/clustering/temp/tmp/13389242985913981662/input_step1 /home/smarthey/work/migale/fuzzpro_bvmo_14g_publie/clustering/temp/tmp/13389242985913981662/pref_step1 /home/smarthey/work/migale/fuzzpro_bvmo_14g_publie/clustering/temp/tmp/13389242985913981662/aln_step1 --sub-mat nucl:nucleotide.out,aa:blosum62.out -a 0 --alignment-mode 3 --wrapped-scoring 0 -e 0.001 --min-seq-id 0.5 --min-aln-len 0 --seq-id-mode 0 --alt-ali 0 -c 0.8 --cov-mode 0 --max-seq-len 65535 --comp-bias-corr 1 --realign 0 --max-rejected 2147483647 --max-accept 2147483647 --add-self-matches 0 --db-load-mode 0 --pca 1 --pcb 1.5 --score-bias 0 --gap-open nucl:5,aa:11 --gap-extend nucl:2,aa:1 --zdrop 40 --threads 40 --compressed 0 -v 3 

Compute score, coverage and sequence identity
Query database size: 42 type: Aminoacid
Target database size: 42 type: Aminoacid
Calculation of alignments
[=================================================================] 42 0s 88ms
Time for merging to aln_step1: 0h 0m 0s 247ms

664 alignments calculated.
42 sequence pairs passed the thresholds (0.063253 of overall calculated).
1.000000 hits per query sequence.
Time for processing: 0h 0m 0s 705ms
clust /home/smarthey/work/migale/fuzzpro_bvmo_14g_publie/clustering/temp/tmp/13389242985913981662/input_step1 /home/smarthey/work/migale/fuzzpro_bvmo_14g_publie/clustering/temp/tmp/13389242985913981662/aln_step1 /home/smarthey/work/migale/fuzzpro_bvmo_14g_publie/clustering/temp/tmp/13389242985913981662/clu_step1 --cluster-mode 0 --max-iterations 1000 --similarity-type 2 --threads 40 --compressed 0 -v 3 

Clustering mode: Set Cover
[=================================================================] 42 0s 0ms
Sort entries
Find missing connections
Found 0 new connections.
Reconstruct initial order
[=================================================================] 42 0s 0ms
Add missing connections
[=================================================================] 42 0s 0ms

Time for read in: 0h 0m 0s 278ms
Total time: 0h 0m 0s 337ms

Size of the sequence database: 42
Size of the alignment database: 42
Number of clusters: 42

Writing results 0h 0m 0s 0ms
Time for merging to clu_step1: 0h 0m 0s 7ms
Time for processing: 0h 0m 0s 436ms
createsubdb /home/smarthey/work/migale/fuzzpro_bvmo_14g_publie/clustering/temp/tmp/13389242985913981662/clu_step1 /home/smarthey/work/migale/fuzzpro_bvmo_14g_publie/clustering/temp/tmp/13389242985913981662/input_step1 /home/smarthey/work/migale/fuzzpro_bvmo_14g_publie/clustering/temp/tmp/13389242985913981662/input_step2 -v 3 --subdb-mode 1 

Time for merging to input_step2: 0h 0m 0s 8ms
Time for processing: 0h 0m 0s 50ms
prefilter /home/smarthey/work/migale/fuzzpro_bvmo_14g_publie/clustering/temp/tmp/13389242985913981662/input_step2 /home/smarthey/work/migale/fuzzpro_bvmo_14g_publie/clustering/temp/tmp/13389242985913981662/input_step2 /home/smarthey/work/migale/fuzzpro_bvmo_14g_publie/clustering/temp/tmp/13389242985913981662/pref_step2 --sub-mat nucl:nucleotide.out,aa:blosum62.out --seed-sub-mat nucl:nucleotide.out,aa:VTML80.out -s 3 -k 0 --k-score 2147483647 --alph-size nucl:5,aa:21 --max-seq-len 65535 --max-seqs 20 --split 0 --split-mode 2 --split-memory-limit 0 -c 0.8 --cov-mode 0 --comp-bias-corr 1 --diag-score 1 --exact-kmer-matching 0 --mask 1 --mask-lower-case 0 --min-ungapped-score 15 --add-self-matches 0 --spaced-kmer-mode 1 --db-load-mode 0 --pca 1 --pcb 1.5 --threads 40 --compressed 0 -v 3 

Query database size: 42 type: Aminoacid
Estimated memory consumption: 978M
Target database size: 42 type: Aminoacid
Index table k-mer threshold: 136 at k-mer size 6 
Index table: counting k-mers
[=================================================================] 42 0s 17ms
Index table: Masked residues: 35
Index table: fill
[=================================================================] 42 0s 10ms
Index statistics
Entries:          21856
DB size:          488 MB
Avg k-mer size:   0.000342
Top 10 k-mers
    GKVVTG	12
    DLGRVI	11
    RVVGAS	11
    TGRAGT	9
    VGTRTY	9
    AVGGAV	8
    DVGWNT	7
    TFRNLV	7
    IGGSQV	7
    TGSVIP	5
Time for index table init: 0h 0m 0s 570ms
Process prefiltering step 1 of 1

k-mer similarity threshold: 136
Starting prefiltering scores calculation (step 1 of 1)
Query db start 1 to 42
Target db start 1 to 42
[=================================================================] 42 0s 11ms

32.285035 k-mers per position
831 DB matches per sequence
0 overflows
0 queries produce too many hits (truncated result)
19 sequences passed prefiltering per query sequence
20 median result list length
0 sequences with 0 size result lists
Time for merging to pref_step2: 0h 0m 0s 195ms
Time for processing: 0h 0m 1s 281ms
align /home/smarthey/work/migale/fuzzpro_bvmo_14g_publie/clustering/temp/tmp/13389242985913981662/input_step2 /home/smarthey/work/migale/fuzzpro_bvmo_14g_publie/clustering/temp/tmp/13389242985913981662/input_step2 /home/smarthey/work/migale/fuzzpro_bvmo_14g_publie/clustering/temp/tmp/13389242985913981662/pref_step2 /home/smarthey/work/migale/fuzzpro_bvmo_14g_publie/clustering/temp/tmp/13389242985913981662/aln_step2 --sub-mat nucl:nucleotide.out,aa:blosum62.out -a 0 --alignment-mode 3 --wrapped-scoring 0 -e 0.001 --min-seq-id 0.5 --min-aln-len 0 --seq-id-mode 0 --alt-ali 0 -c 0.8 --cov-mode 0 --max-seq-len 65535 --comp-bias-corr 1 --realign 0 --max-rejected 2147483647 --max-accept 2147483647 --add-self-matches 0 --db-load-mode 0 --pca 1 --pcb 1.5 --score-bias 0 --gap-open nucl:5,aa:11 --gap-extend nucl:2,aa:1 --zdrop 40 --threads 40 --compressed 0 -v 3 

Compute score, coverage and sequence identity
Query database size: 42 type: Aminoacid
Target database size: 42 type: Aminoacid
Calculation of alignments
====[=============================================================] 42 0s 85ms
Time for merging to aln_step2: 0h 0m 0s 196ms

719 alignments calculated.
42 sequence pairs passed the thresholds (0.058414 of overall calculated).
1.000000 hits per query sequence.
Time for processing: 0h 0m 0s 665ms
clust /home/smarthey/work/migale/fuzzpro_bvmo_14g_publie/clustering/temp/tmp/13389242985913981662/input_step2 /home/smarthey/work/migale/fuzzpro_bvmo_14g_publie/clustering/temp/tmp/13389242985913981662/aln_step2 /home/smarthey/work/migale/fuzzpro_bvmo_14g_publie/clustering/temp/tmp/13389242985913981662/clu_step2 --cluster-mode 0 --max-iterations 1000 --similarity-type 2 --threads 40 --compressed 0 -v 3 

Clustering mode: Set Cover
[=================================================================] 42 0s 0ms
Sort entries
Find missing connections
Found 0 new connections.
Reconstruct initial order
[=================================================================] 42 0s 0ms
Add missing connections
[=================================================================] 42 0s 0ms

Time for read in: 0h 0m 0s 265ms
Total time: 0h 0m 0s 277ms

Size of the sequence database: 42
Size of the alignment database: 42
Number of clusters: 42

Writing results 0h 0m 0s 0ms
Time for merging to clu_step2: 0h 0m 0s 8ms
Time for processing: 0h 0m 0s 366ms
mergeclusters proteines_for_clustering proteines_for_clustering_clu /home/smarthey/work/migale/fuzzpro_bvmo_14g_publie/clustering/temp/tmp/13389242985913981662/clu_redundancy /home/smarthey/work/migale/fuzzpro_bvmo_14g_publie/clustering/temp/tmp/13389242985913981662/clu_step0 /home/smarthey/work/migale/fuzzpro_bvmo_14g_publie/clustering/temp/tmp/13389242985913981662/clu_step1 /home/smarthey/work/migale/fuzzpro_bvmo_14g_publie/clustering/temp/tmp/13389242985913981662/clu_step2 --threads 40 --compressed 0 -v 3 

Clustering step 1
[=================================================================] 62 0s 5ms
Clustering step 2
[=================================================================] 42 0s 23ms
Clustering step 3
[=================================================================] 42 0s 33ms
Clustering step 4
[=================================================================] 42 0s 47ms
Write merged clustering
[=================================================================] 131 0s 297ms
Time for merging to proteines_for_clustering_clu: 0h 0m 1s 429ms
Time for processing: 0h 0m 3s 90ms
create fasta file with sequences
createsubdb proteines_for_clustering_clu proteines_for_clustering proteines_for_clustering_clu_rep 

MMseqs Version:	12.113e3
Subdb mode	0
Verbosity 	3

Time for merging to proteines_for_clustering_clu_rep: 0h 0m 0s 5ms
Time for processing: 0h 0m 2s 33ms
convert2fasta proteines_for_clustering_clu_rep proteines_for_clustering_clu_rep.fasta 

MMseqs Version:	12.113e3
Use header DB	false
Verbosity    	3

Start writing file to proteines_for_clustering_clu_rep.fasta
Time for processing: 0h 0m 2s 274ms
make tsv file
createtsv proteines_for_clustering proteines_for_clustering proteines_for_clustering_clu proteines_for_clustering_clu.tsv 

MMseqs Version:                 	12.113e3
First sequence as representative	false
Target column                   	1
Add full header                 	false
Sequence source                 	0
Database output                 	false
Threads                         	40
Compressed                      	0
Verbosity                       	3

Time for merging to proteines_for_clustering_clu.tsv: 0h 0m 2s 283ms
Time for processing: 0h 0m 4s 953ms
make MSA file
result2msa proteines_for_clustering proteines_for_clustering proteines_for_clustering_clu proteines_for_clustering_clu_msa 

MMseqs Version:           	12.113e3
Substitution matrix       	nucl:nucleotide.out,aa:blosum62.out
Allow deletions           	false
Compositional bias        	1
Filter MSA                	0
Maximum seq. id. threshold	0.9
Minimum seq. id.          	0
Minimum score per column  	-20
Minimum coverage          	0
Select N most diverse seqs	1000
Threads                   	40
Compress MSA              	false
Summarize headers         	false
Summary prefix            	cl
Omit consensus            	false
Skip query                	false
Gap open cost             	nucl:5,aa:11
Gap extension cost        	nucl:2,aa:1
Compressed                	0
Verbosity                 	3

Query database size: 131 type: Aminoacid
Target database size: 131 type: Aminoacid
[=================================================================] 42 0s 60ms
Time for merging to proteines_for_clustering_clu_msa: 0h 0m 10s 862ms
Time for processing: 0h 0m 20s 219ms
load clustal condaenv
run clustal
createseqfiledb proteines_for_clustering proteines_for_clustering_clu proteines_for_clustering_clu_seq 

MMseqs Version:	12.113e3
Min sequences	1
Max sequences	2147483647
HH format    	false
Preload mode 	0
Threads      	40
Compressed   	0
Verbosity    	3

[=================================================================] 42 0s 7ms
Time for merging to proteines_for_clustering_clu_seq: 0h 0m 1s 73ms
Time for processing: 0h 0m 3s 222ms
mmseqs apply proteines_for_clustering_clu_seq proteines_for_clustering_clu_seq_msa -- clustalo -i - --threads=1
apply proteines_for_clustering_clu_seq proteines_for_clustering_clu_seq_msa -- clustalo -i - --threads=1 --outfmt clu 

MMseqs Version:	12.113e3
Threads   	40
Compressed	0
Verbosity 	3

Start applying.
apply proteines_for_clustering_clu_seq proteines_for_clustering_clu_seq_msa -- clustalo -i - --threads=1 --outfmt clu 

MMseqs Version:	12.113e3
Threads   	40
Compressed	0
Verbosity 	3

Start applying.
apply proteines_for_clustering_clu_seq proteines_for_clustering_clu_seq_msa -- clustalo -i - --threads=1 --outfmt clu 

MMseqs Version:	12.113e3
Threads   	40
Compressed	0
Verbosity 	3

Start applying.
apply proteines_for_clustering_clu_seq proteines_for_clustering_clu_seq_msa -- clustalo -i - --threads=1 --outfmt clu 

MMseqs Version:	12.113e3
Threads   	40
Compressed	0
Verbosity 	3

Start applying.
apply proteines_for_clustering_clu_seq proteines_for_clustering_clu_seq_msa -- clustalo -i - --threads=1 --outfmt clu 

MMseqs Version:	12.113e3
Threads   	40
Compressed	0
Verbosity 	3

Start applying.
apply proteines_for_clustering_clu_seq proteines_for_clustering_clu_seq_msa -- clustalo -i - --threads=1 --outfmt clu 

MMseqs Version:	12.113e3
Threads   	40
Compressed	0
Verbosity 	3

Start applying.
apply proteines_for_clustering_clu_seq proteines_for_clustering_clu_seq_msa -- clustalo -i - --threads=1 --outfmt clu 

MMseqs Version:	12.113e3
Threads   	40
Compressed	0
Verbosity 	3

Start applying.
apply proteines_for_clustering_clu_seq proteines_for_clustering_clu_seq_msa -- clustalo -i - --threads=1 --outfmt clu 

MMseqs Version:	12.113e3
Threads   	40
Compressed	0
Verbosity 	3

Start applying.
apply proteines_for_clustering_clu_seq proteines_for_clustering_clu_seq_msa -- clustalo -i - --threads=1 --outfmt clu 

MMseqs Version:	12.113e3
Threads   	40
Compressed	0
Verbosity 	3

Start applying.
apply proteines_for_clustering_clu_seq proteines_for_clustering_clu_seq_msa -- clustalo -i - --threads=1 --outfmt clu 

MMseqs Version:	12.113e3
Threads   	40
Compressed	0
Verbosity 	3

Start applying.
apply proteines_for_clustering_clu_seq proteines_for_clustering_clu_seq_msa -- clustalo -i - --threads=1 --outfmt clu 

MMseqs Version:	12.113e3
Threads   	40
Compressed	0
Verbosity 	3

Start applying.
apply proteines_for_clustering_clu_seq proteines_for_clustering_clu_seq_msa -- clustalo -i - --threads=1 --outfmt clu 

MMseqs Version:	12.113e3
Threads   	40
Compressed	0
Verbosity 	3

Start applying.
apply proteines_for_clustering_clu_seq proteines_for_clustering_clu_seq_msa -- clustalo -i - --threads=1 --outfmt clu 

MMseqs Version:	12.113e3
Threads   	40
Compressed	0
Verbosity 	3

Start applying.
apply proteines_for_clustering_clu_seq proteines_for_clustering_clu_seq_msa -- clustalo -i - --threads=1 --outfmt clu 

MMseqs Version:	12.113e3
Threads   	40
Compressed	0
Verbosity 	3

Start applying.
apply proteines_for_clustering_clu_seq proteines_for_clustering_clu_seq_msa -- clustalo -i - --threads=1 --outfmt clu 

MMseqs Version:	12.113e3
Threads   	40
Compressed	0
Verbosity 	3

Start applying.
apply proteines_for_clustering_clu_seq proteines_for_clustering_clu_seq_msa -- clustalo -i - --threads=1 --outfmt clu 

MMseqs Version:	12.113e3
Threads   	40
Compressed	0
Verbosity 	3

Start applying.
apply proteines_for_clustering_clu_seq proteines_for_clustering_clu_seq_msa -- clustalo -i - --threads=1 --outfmt clu 

MMseqs Version:	12.113e3
Threads   	40
Compressed	0
Verbosity 	3

Start applying.
apply proteines_for_clustering_clu_seq proteines_for_clustering_clu_seq_msa -- clustalo -i - --threads=1 --outfmt clu 

MMseqs Version:	12.113e3
Threads   	40
Compressed	0
Verbosity 	3

Start applying.
apply proteines_for_clustering_clu_seq proteines_for_clustering_clu_seq_msa -- clustalo -i - --threads=1 --outfmt clu 

MMseqs Version:	12.113e3
Threads   	40
Compressed	0
Verbosity 	3

Start applying.
apply proteines_for_clustering_clu_seq proteines_for_clustering_clu_seq_msa -- clustalo -i - --threads=1 --outfmt clu 

MMseqs Version:	12.113e3
Threads   	40
Compressed	0
Verbosity 	3

Start applying.
apply proteines_for_clustering_clu_seq proteines_for_clustering_clu_seq_msa -- clustalo -i - --threads=1 --outfmt clu 

MMseqs Version:	12.113e3
Threads   	40
Compressed	0
Verbosity 	3

Start applying.
apply proteines_for_clustering_clu_seq proteines_for_clustering_clu_seq_msa -- clustalo -i - --threads=1 --outfmt clu 

MMseqs Version:	12.113e3
Threads   	40
Compressed	0
Verbosity 	3

Start applying.
apply proteines_for_clustering_clu_seq proteines_for_clustering_clu_seq_msa -- clustalo -i - --threads=1 --outfmt clu 

MMseqs Version:	12.113e3
Threads   	40
Compressed	0
Verbosity 	3

Start applying.
apply proteines_for_clustering_clu_seq proteines_for_clustering_clu_seq_msa -- clustalo -i - --threads=1 --outfmt clu 

MMseqs Version:	12.113e3
Threads   	40
Compressed	0
Verbosity 	3

Start applying.
apply proteines_for_clustering_clu_seq proteines_for_clustering_clu_seq_msa -- clustalo -i - --threads=1 --outfmt clu 

MMseqs Version:	12.113e3
Threads   	40
Compressed	0
Verbosity 	3

Start applying.
apply proteines_for_clustering_clu_seq proteines_for_clustering_clu_seq_msa -- clustalo -i - --threads=1 --outfmt clu 

MMseqs Version:	12.113e3
Threads   	40
Compressed	0
Verbosity 	3

Start applying.
apply proteines_for_clustering_clu_seq proteines_for_clustering_clu_seq_msa -- clustalo -i - --threads=1 --outfmt clu 

MMseqs Version:	12.113e3
Threads   	40
Compressed	0
Verbosity 	3

Start applying.
apply proteines_for_clustering_clu_seq proteines_for_clustering_clu_seq_msa -- clustalo -i - --threads=1 --outfmt clu 

MMseqs Version:	12.113e3
Threads   	40
Compressed	0
Verbosity 	3

Start applying.
apply proteines_for_clustering_clu_seq proteines_for_clustering_clu_seq_msa -- clustalo -i - --threads=1 --outfmt clu 

MMseqs Version:	12.113e3
Threads   	40
Compressed	0
Verbosity 	3

Start applying.
apply proteines_for_clustering_clu_seq proteines_for_clustering_clu_seq_msa -- clustalo -i - --threads=1 --outfmt clu 

MMseqs Version:	12.113e3
Threads   	40
Compressed	0
Verbosity 	3

Start applying.
apply proteines_for_clustering_clu_seq proteines_for_clustering_clu_seq_msa -- clustalo -i - --threads=1 --outfmt clu 

MMseqs Version:	12.113e3
Threads   	40
Compressed	0
Verbosity 	3

Start applying.
apply proteines_for_clustering_clu_seq proteines_for_clustering_clu_seq_msa -- clustalo -i - --threads=1 --outfmt clu 

MMseqs Version:	12.113e3
Threads   	40
Compressed	0
Verbosity 	3

Start applying.
apply proteines_for_clustering_clu_seq proteines_for_clustering_clu_seq_msa -- clustalo -i - --threads=1 --outfmt clu 

MMseqs Version:	12.113e3
Threads   	40
Compressed	0
Verbosity 	3

Start applying.
apply proteines_for_clustering_clu_seq proteines_for_clustering_clu_seq_msa -- clustalo -i - --threads=1 --outfmt clu 

MMseqs Version:	12.113e3
Threads   	40
Compressed	0
Verbosity 	3

Start applying.
apply proteines_for_clustering_clu_seq proteines_for_clustering_clu_seq_msa -- clustalo -i - --threads=1 --outfmt clu 

MMseqs Version:	12.113e3
Threads   	40
Compressed	0
Verbosity 	3

Start applying.
apply proteines_for_clustering_clu_seq proteines_for_clustering_clu_seq_msa -- clustalo -i - --threads=1 --outfmt clu 

MMseqs Version:	12.113e3
Threads   	40
Compressed	0
Verbosity 	3

Start applying.
apply proteines_for_clustering_clu_seq proteines_for_clustering_clu_seq_msa -- clustalo -i - --threads=1 --outfmt clu 

MMseqs Version:	12.113e3
Threads   	40
Compressed	0
Verbosity 	3

Start applying.
apply proteines_for_clustering_clu_seq proteines_for_clustering_clu_seq_msa -- clustalo -i - --threads=1 --outfmt clu 

MMseqs Version:	12.113e3
Threads   	40
Compressed	0
Verbosity 	3

Start applying.
apply proteines_for_clustering_clu_seq proteines_for_clustering_clu_seq_msa -- clustalo -i - --threads=1 --outfmt clu 

MMseqs Version:	12.113e3
Threads   	40
Compressed	0
Verbosity 	3

Start applying.
apply proteines_for_clustering_clu_seq proteines_for_clustering_clu_seq_msa -- clustalo -i - --threads=1 --outfmt clu 

MMseqs Version:	12.113e3
Threads   	40
Compressed	0
Verbosity 	3

Start applying.
[===============================================================Entry 125 exited with error code 1!
==apply proteines_for_clustering_clu_seq proteines_for_clustering_clu_seq_msa -- clustalo -i - --threads=1 --outfmt clu 

MMseqs Version:	12.113e3
Threads   	40
Compressed	0
Verbosity 	3

Start applying.
Time for merging to proteines_for_clustering_clu_seq_msa: 0h 1m 0s 249ms
Time for processing: 0h 1m 7s 154ms
apply proteines_for_clustering_clu_seq_msa proteines_for_clustering_clu_seq_msa.clustalo -- /home/smarthey/work/migale/fuzzpro_bvmo_14g_publie/sh/create_clustal_file.sh /home/smarthey/work/migale/fuzzpro_bvmo_14g_publie/clustalo 

MMseqs Version:	12.113e3
Threads   	40
Compressed	0
Verbosity 	3

Start applying.
apply proteines_for_clustering_clu_seq_msa proteines_for_clustering_clu_seq_msa.clustalo -- /home/smarthey/work/migale/fuzzpro_bvmo_14g_publie/sh/create_clustal_file.sh /home/smarthey/work/migale/fuzzpro_bvmo_14g_publie/clustalo 

MMseqs Version:	12.113e3
Threads   	40
Compressed	0
Verbosity 	3

Start applying.
apply proteines_for_clustering_clu_seq_msa proteines_for_clustering_clu_seq_msa.clustalo -- /home/smarthey/work/migale/fuzzpro_bvmo_14g_publie/sh/create_clustal_file.sh /home/smarthey/work/migale/fuzzpro_bvmo_14g_publie/clustalo 

MMseqs Version:	12.113e3
Threads   	40
Compressed	0
Verbosity 	3

Start applying.
apply proteines_for_clustering_clu_seq_msa proteines_for_clustering_clu_seq_msa.clustalo -- /home/smarthey/work/migale/fuzzpro_bvmo_14g_publie/sh/create_clustal_file.sh /home/smarthey/work/migale/fuzzpro_bvmo_14g_publie/clustalo 

MMseqs Version:	12.113e3
Threads   	40
Compressed	0
Verbosity 	3

Start applying.
apply proteines_for_clustering_clu_seq_msa proteines_for_clustering_clu_seq_msa.clustalo -- /home/smarthey/work/migale/fuzzpro_bvmo_14g_publie/sh/create_clustal_file.sh /home/smarthey/work/migale/fuzzpro_bvmo_14g_publie/clustalo 

MMseqs Version:	12.113e3
Threads   	40
Compressed	0
Verbosity 	3

Start applying.
apply proteines_for_clustering_clu_seq_msa proteines_for_clustering_clu_seq_msa.clustalo -- /home/smarthey/work/migale/fuzzpro_bvmo_14g_publie/sh/create_clustal_file.sh /home/smarthey/work/migale/fuzzpro_bvmo_14g_publie/clustalo 

MMseqs Version:	12.113e3
Threads   	40
Compressed	0
Verbosity 	3

Start applying.
apply proteines_for_clustering_clu_seq_msa proteines_for_clustering_clu_seq_msa.clustalo -- /home/smarthey/work/migale/fuzzpro_bvmo_14g_publie/sh/create_clustal_file.sh /home/smarthey/work/migale/fuzzpro_bvmo_14g_publie/clustalo 

MMseqs Version:	12.113e3
Threads   	40
Compressed	0
Verbosity 	3

Start applying.
apply proteines_for_clustering_clu_seq_msa proteines_for_clustering_clu_seq_msa.clustalo -- /home/smarthey/work/migale/fuzzpro_bvmo_14g_publie/sh/create_clustal_file.sh /home/smarthey/work/migale/fuzzpro_bvmo_14g_publie/clustalo 

MMseqs Version:	12.113e3
Threads   	40
Compressed	0
Verbosity 	3

Start applying.
apply proteines_for_clustering_clu_seq_msa proteines_for_clustering_clu_seq_msa.clustalo -- /home/smarthey/work/migale/fuzzpro_bvmo_14g_publie/sh/create_clustal_file.sh /home/smarthey/work/migale/fuzzpro_bvmo_14g_publie/clustalo 

MMseqs Version:	12.113e3
Threads   	40
Compressed	0
Verbosity 	3

Start applying.
apply proteines_for_clustering_clu_seq_msa proteines_for_clustering_clu_seq_msa.clustalo -- /home/smarthey/work/migale/fuzzpro_bvmo_14g_publie/sh/create_clustal_file.sh /home/smarthey/work/migale/fuzzpro_bvmo_14g_publie/clustalo 

MMseqs Version:	12.113e3
Threads   	40
Compressed	0
Verbosity 	3

Start applying.
apply proteines_for_clustering_clu_seq_msa proteines_for_clustering_clu_seq_msa.clustalo -- /home/smarthey/work/migale/fuzzpro_bvmo_14g_publie/sh/create_clustal_file.sh /home/smarthey/work/migale/fuzzpro_bvmo_14g_publie/clustalo 

MMseqs Version:	12.113e3
Threads   	40
Compressed	0
Verbosity 	3

Start applying.
apply proteines_for_clustering_clu_seq_msa proteines_for_clustering_clu_seq_msa.clustalo -- /home/smarthey/work/migale/fuzzpro_bvmo_14g_publie/sh/create_clustal_file.sh /home/smarthey/work/migale/fuzzpro_bvmo_14g_publie/clustalo 

MMseqs Version:	12.113e3
Threads   	40
Compressed	0
Verbosity 	3

Start applying.
apply proteines_for_clustering_clu_seq_msa proteines_for_clustering_clu_seq_msa.clustalo -- /home/smarthey/work/migale/fuzzpro_bvmo_14g_publie/sh/create_clustal_file.sh /home/smarthey/work/migale/fuzzpro_bvmo_14g_publie/clustalo 

MMseqs Version:	12.113e3
Threads   	40
Compressed	0
Verbosity 	3

Start applying.
apply proteines_for_clustering_clu_seq_msa proteines_for_clustering_clu_seq_msa.clustalo -- /home/smarthey/work/migale/fuzzpro_bvmo_14g_publie/sh/create_clustal_file.sh /home/smarthey/work/migale/fuzzpro_bvmo_14g_publie/clustalo 

MMseqs Version:	12.113e3
Threads   	40
Compressed	0
Verbosity 	3

Start applying.
apply proteines_for_clustering_clu_seq_msa proteines_for_clustering_clu_seq_msa.clustalo -- /home/smarthey/work/migale/fuzzpro_bvmo_14g_publie/sh/create_clustal_file.sh /home/smarthey/work/migale/fuzzpro_bvmo_14g_publie/clustalo 

MMseqs Version:	12.113e3
Threads   	40
Compressed	0
Verbosity 	3

Start applying.
apply proteines_for_clustering_clu_seq_msa proteines_for_clustering_clu_seq_msa.clustalo -- /home/smarthey/work/migale/fuzzpro_bvmo_14g_publie/sh/create_clustal_file.sh /home/smarthey/work/migale/fuzzpro_bvmo_14g_publie/clustalo 

MMseqs Version:	12.113e3
Threads   	40
Compressed	0
Verbosity 	3

Start applying.
apply proteines_for_clustering_clu_seq_msa proteines_for_clustering_clu_seq_msa.clustalo -- /home/smarthey/work/migale/fuzzpro_bvmo_14g_publie/sh/create_clustal_file.sh /home/smarthey/work/migale/fuzzpro_bvmo_14g_publie/clustalo 

MMseqs Version:	12.113e3
Threads   	40
Compressed	0
Verbosity 	3

Start applying.
apply proteines_for_clustering_clu_seq_msa proteines_for_clustering_clu_seq_msa.clustalo -- /home/smarthey/work/migale/fuzzpro_bvmo_14g_publie/sh/create_clustal_file.sh /home/smarthey/work/migale/fuzzpro_bvmo_14g_publie/clustalo 

MMseqs Version:	12.113e3
Threads   	40
Compressed	0
Verbosity 	3

Start applying.
apply proteines_for_clustering_clu_seq_msa proteines_for_clustering_clu_seq_msa.clustalo -- /home/smarthey/work/migale/fuzzpro_bvmo_14g_publie/sh/create_clustal_file.sh /home/smarthey/work/migale/fuzzpro_bvmo_14g_publie/clustalo 

MMseqs Version:	12.113e3
Threads   	40
Compressed	0
Verbosity 	3

Start applying.
apply proteines_for_clustering_clu_seq_msa proteines_for_clustering_clu_seq_msa.clustalo -- /home/smarthey/work/migale/fuzzpro_bvmo_14g_publie/sh/create_clustal_file.sh /home/smarthey/work/migale/fuzzpro_bvmo_14g_publie/clustalo 

MMseqs Version:	12.113e3
Threads   	40
Compressed	0
Verbosity 	3

Start applying.
apply proteines_for_clustering_clu_seq_msa proteines_for_clustering_clu_seq_msa.clustalo -- /home/smarthey/work/migale/fuzzpro_bvmo_14g_publie/sh/create_clustal_file.sh /home/smarthey/work/migale/fuzzpro_bvmo_14g_publie/clustalo 

MMseqs Version:	12.113e3
Threads   	40
Compressed	0
Verbosity 	3

Start applying.
apply proteines_for_clustering_clu_seq_msa proteines_for_clustering_clu_seq_msa.clustalo -- /home/smarthey/work/migale/fuzzpro_bvmo_14g_publie/sh/create_clustal_file.sh /home/smarthey/work/migale/fuzzpro_bvmo_14g_publie/clustalo 

MMseqs Version:	12.113e3
Threads   	40
Compressed	0
Verbosity 	3

Start applying.
apply proteines_for_clustering_clu_seq_msa proteines_for_clustering_clu_seq_msa.clustalo -- /home/smarthey/work/migale/fuzzpro_bvmo_14g_publie/sh/create_clustal_file.sh /home/smarthey/work/migale/fuzzpro_bvmo_14g_publie/clustalo 

MMseqs Version:	12.113e3
Threads   	40
Compressed	0
Verbosity 	3

Start applying.
apply proteines_for_clustering_clu_seq_msa proteines_for_clustering_clu_seq_msa.clustalo -- /home/smarthey/work/migale/fuzzpro_bvmo_14g_publie/sh/create_clustal_file.sh /home/smarthey/work/migale/fuzzpro_bvmo_14g_publie/clustalo 

MMseqs Version:	12.113e3
Threads   	40
Compressed	0
Verbosity 	3

Start applying.
apply proteines_for_clustering_clu_seq_msa proteines_for_clustering_clu_seq_msa.clustalo -- /home/smarthey/work/migale/fuzzpro_bvmo_14g_publie/sh/create_clustal_file.sh /home/smarthey/work/migale/fuzzpro_bvmo_14g_publie/clustalo 

MMseqs Version:	12.113e3
Threads   	40
Compressed	0
Verbosity 	3

Start applying.
apply proteines_for_clustering_clu_seq_msa proteines_for_clustering_clu_seq_msa.clustalo -- /home/smarthey/work/migale/fuzzpro_bvmo_14g_publie/sh/create_clustal_file.sh /home/smarthey/work/migale/fuzzpro_bvmo_14g_publie/clustalo 

MMseqs Version:	12.113e3
Threads   	40
Compressed	0
Verbosity 	3

Start applying.
apply proteines_for_clustering_clu_seq_msa proteines_for_clustering_clu_seq_msa.clustalo -- /home/smarthey/work/migale/fuzzpro_bvmo_14g_publie/sh/create_clustal_file.sh /home/smarthey/work/migale/fuzzpro_bvmo_14g_publie/clustalo 

MMseqs Version:	12.113e3
Threads   	40
Compressed	0
Verbosity 	3

Start applying.
apply proteines_for_clustering_clu_seq_msa proteines_for_clustering_clu_seq_msa.clustalo -- /home/smarthey/work/migale/fuzzpro_bvmo_14g_publie/sh/create_clustal_file.sh /home/smarthey/work/migale/fuzzpro_bvmo_14g_publie/clustalo 

MMseqs Version:	12.113e3
Threads   	40
Compressed	0
Verbosity 	3

Start applying.
apply proteines_for_clustering_clu_seq_msa proteines_for_clustering_clu_seq_msa.clustalo -- /home/smarthey/work/migale/fuzzpro_bvmo_14g_publie/sh/create_clustal_file.sh /home/smarthey/work/migale/fuzzpro_bvmo_14g_publie/clustalo 

MMseqs Version:	12.113e3
Threads   	40
Compressed	0
Verbosity 	3

Start applying.
apply proteines_for_clustering_clu_seq_msa proteines_for_clustering_clu_seq_msa.clustalo -- /home/smarthey/work/migale/fuzzpro_bvmo_14g_publie/sh/create_clustal_file.sh /home/smarthey/work/migale/fuzzpro_bvmo_14g_publie/clustalo 

MMseqs Version:	12.113e3
Threads   	40
Compressed	0
Verbosity 	3

Start applying.
apply proteines_for_clustering_clu_seq_msa proteines_for_clustering_clu_seq_msa.clustalo -- /home/smarthey/work/migale/fuzzpro_bvmo_14g_publie/sh/create_clustal_file.sh /home/smarthey/work/migale/fuzzpro_bvmo_14g_publie/clustalo 

MMseqs Version:	12.113e3
Threads   	40
Compressed	0
Verbosity 	3

Start applying.
apply proteines_for_clustering_clu_seq_msa proteines_for_clustering_clu_seq_msa.clustalo -- /home/smarthey/work/migale/fuzzpro_bvmo_14g_publie/sh/create_clustal_file.sh /home/smarthey/work/migale/fuzzpro_bvmo_14g_publie/clustalo 

MMseqs Version:	12.113e3
Threads   	40
Compressed	0
Verbosity 	3

Start applying.
apply proteines_for_clustering_clu_seq_msa proteines_for_clustering_clu_seq_msa.clustalo -- /home/smarthey/work/migale/fuzzpro_bvmo_14g_publie/sh/create_clustal_file.sh /home/smarthey/work/migale/fuzzpro_bvmo_14g_publie/clustalo 

MMseqs Version:	12.113e3
Threads   	40
Compressed	0
Verbosity 	3

Start applying.
apply proteines_for_clustering_clu_seq_msa proteines_for_clustering_clu_seq_msa.clustalo -- /home/smarthey/work/migale/fuzzpro_bvmo_14g_publie/sh/create_clustal_file.sh /home/smarthey/work/migale/fuzzpro_bvmo_14g_publie/clustalo 

MMseqs Version:	12.113e3
Threads   	40
Compressed	0
Verbosity 	3

Start applying.
apply proteines_for_clustering_clu_seq_msa proteines_for_clustering_clu_seq_msa.clustalo -- /home/smarthey/work/migale/fuzzpro_bvmo_14g_publie/sh/create_clustal_file.sh /home/smarthey/work/migale/fuzzpro_bvmo_14g_publie/clustalo 

MMseqs Version:	12.113e3
Threads   	40
Compressed	0
Verbosity 	3

Start applying.
apply proteines_for_clustering_clu_seq_msa proteines_for_clustering_clu_seq_msa.clustalo -- /home/smarthey/work/migale/fuzzpro_bvmo_14g_publie/sh/create_clustal_file.sh /home/smarthey/work/migale/fuzzpro_bvmo_14g_publie/clustalo 

MMseqs Version:	12.113e3
Threads   	40
Compressed	0
Verbosity 	3

Start applying.
apply proteines_for_clustering_clu_seq_msa proteines_for_clustering_clu_seq_msa.clustalo -- /home/smarthey/work/migale/fuzzpro_bvmo_14g_publie/sh/create_clustal_file.sh /home/smarthey/work/migale/fuzzpro_bvmo_14g_publie/clustalo 

MMseqs Version:	12.113e3
Threads   	40
Compressed	0
Verbosity 	3

Start applying.
apply proteines_for_clustering_clu_seq_msa proteines_for_clustering_clu_seq_msa.clustalo -- /home/smarthey/work/migale/fuzzpro_bvmo_14g_publie/sh/create_clustal_file.sh /home/smarthey/work/migale/fuzzpro_bvmo_14g_publie/clustalo 

MMseqs Version:	12.113e3
Threads   	40
Compressed	0
Verbosity 	3

Start applying.
apply proteines_for_clustering_clu_seq_msa proteines_for_clustering_clu_seq_msa.clustalo -- /home/smarthey/work/migale/fuzzpro_bvmo_14g_publie/sh/create_clustal_file.sh /home/smarthey/work/migale/fuzzpro_bvmo_14g_publie/clustalo 

MMseqs Version:	12.113e3
Threads   	40
Compressed	0
Verbosity 	3

Start applying.
apply proteines_for_clustering_clu_seq_msa proteines_for_clustering_clu_seq_msa.clustalo -- /home/smarthey/work/migale/fuzzpro_bvmo_14g_publie/sh/create_clustal_file.sh /home/smarthey/work/migale/fuzzpro_bvmo_14g_publie/clustalo 

MMseqs Version:	12.113e3
Threads   	40
Compressed	0
Verbosity 	3

Start applying.
[=================================================================apply proteines_for_clustering_clu_seq_msa proteines_for_clustering_clu_seq_msa.clustalo -- /home/smarthey/work/migale/fuzzpro_bvmo_14g_publie/sh/create_clustal_file.sh /home/smarthey/work/migale/fuzzpro_bvmo_14g_publie/clustalo 

MMseqs Version:	12.113e3
Threads   	40
Compressed	0
Verbosity 	3

Start applying.
Time for merging to proteines_for_clustering_clu_seq_msa.clustalo: 0h 0m 58s 545ms
Time for processing: 0h 1m 3s 878ms
rename files and clean directory
